<?xml version="1.0" encoding="UTF-8"?>
<!-- Generated by org.testng.reporters.JUnitXMLReporter -->
<testsuite hostname="hepeng" name="后台用户登陆用例" tests="1" failures="1" timestamp="21 Nov 2018 09:18:07 GMT" time="8.358" errors="0">
  <testcase name="Login" time="4.015" classname="org.webdriver.mindaiwebui.cases.LoginTest2">
    <failure type="org.openqa.selenium.WebDriverException" message="Element is not clickable at point (1050.5, 554). Other element would receive the click: &amp;lt;div id=&amp;quot;loading&amp;quot; class=&amp;quot;loadingModal&amp;quot;&amp;gt;&amp;lt;/div&amp;gt;
Command duration or timeout: 957 milliseconds
Build info: version: &amp;apos;2.53.1&amp;apos;, revision: &amp;apos;a36b8b1cd5757287168e54b817830adce9b0158d&amp;apos;, time: &amp;apos;2016-06-30 19:26:09&amp;apos;
System info: host: &amp;apos;hepeng&amp;apos;, ip: &amp;apos;192.168.1.75&amp;apos;, os.name: &amp;apos;Windows 7&amp;apos;, os.arch: &amp;apos;amd64&amp;apos;, os.version: &amp;apos;6.1&amp;apos;, java.version: &amp;apos;1.8.0_91&amp;apos;
Driver info: org.openqa.selenium.firefox.FirefoxDriver
Capabilities [{applicationCacheEnabled=true, rotatable=false, handlesAlerts=true, databaseEnabled=true, version=43.0.1, platform=WINDOWS, nativeEvents=false, acceptSslCerts=true, webStorageEnabled=true, locationContextEnabled=true, browserName=firefox, takesScreenshot=true, javascriptEnabled=true, cssSelectorsEnabled=true}]
Session ID: dbc8251c-96ee-4fba-a469-e9e701cd99ea">
      <![CDATA[org.openqa.selenium.WebDriverException: Element is not clickable at point (1050.5, 554). Other element would receive the click: <div id="loading" class="loadingModal"></div>
Command duration or timeout: 957 milliseconds
Build info: version: '2.53.1', revision: 'a36b8b1cd5757287168e54b817830adce9b0158d', time: '2016-06-30 19:26:09'
System info: host: 'hepeng', ip: '192.168.1.75', os.name: 'Windows 7', os.arch: 'amd64', os.version: '6.1', java.version: '1.8.0_91'
Driver info: org.openqa.selenium.firefox.FirefoxDriver
Capabilities [{applicationCacheEnabled=true, rotatable=false, handlesAlerts=true, databaseEnabled=true, version=43.0.1, platform=WINDOWS, nativeEvents=false, acceptSslCerts=true, webStorageEnabled=true, locationContextEnabled=true, browserName=firefox, takesScreenshot=true, javascriptEnabled=true, cssSelectorsEnabled=true}]
Session ID: dbc8251c-96ee-4fba-a469-e9e701cd99ea
	at org.openqa.selenium.remote.ErrorHandler.createThrowable(ErrorHandler.java:206)
	at org.openqa.selenium.remote.ErrorHandler.throwIfResponseFailed(ErrorHandler.java:158)
	at org.openqa.selenium.remote.RemoteWebDriver.execute(RemoteWebDriver.java:678)
	at org.openqa.selenium.remote.RemoteWebElement.execute(RemoteWebElement.java:327)
	at org.openqa.selenium.remote.RemoteWebElement.click(RemoteWebElement.java:85)
	at org.webdriver.mindaiwebui.utils.ElementAction.click(ElementAction.java:500)
	at org.webdriver.mindaiwebui.action.joyreachadsAction.<init>(joyreachadsAction.java:30)
	at org.webdriver.mindaiwebui.cases.LoginTest2.Login(LoginTest2.java:37)
... Removed 28 stack frames]]>
    </failure>
  </testcase> <!-- Login -->
</testsuite> <!-- 后台用户登陆用例 -->
