<?xml version="1.0" encoding="UTF-8"?>
<!-- Generated by org.testng.reporters.JUnitXMLReporter -->
<testsuite hostname="PC-20161026ZCQN" name="后台用户登陆用例" tests="8" failures="0" timestamp="2 Mar 2017 10:09:35 GMT" time="95.314" errors="0">
  <testcase name="Login" time="12.345" classname="org.webdriver.mindaiwebui.cases.InvestmentTest"/>
  <testcase name="Login" time="11.585" classname="org.webdriver.mindaiwebui.cases.InvestmentTest"/>
  <testcase name="Login" time="11.423" classname="org.webdriver.mindaiwebui.cases.InvestmentTest"/>
  <testcase name="Login" time="11.195" classname="org.webdriver.mindaiwebui.cases.InvestmentTest"/>
  <testcase name="Login" time="11.194" classname="org.webdriver.mindaiwebui.cases.InvestmentTest"/>
  <testcase name="Login" time="11.08" classname="org.webdriver.mindaiwebui.cases.InvestmentTest"/>
  <testcase name="Login" time="11.212" classname="org.webdriver.mindaiwebui.cases.InvestmentTest"/>
  <testcase name="Login" time="11.244" classname="org.webdriver.mindaiwebui.cases.InvestmentTest"/>
</testsuite> <!-- 后台用户登陆用例 -->
