<?xml version="1.0" encoding="UTF-8"?>
<!-- Generated by org.testng.reporters.JUnitXMLReporter -->
<testsuite hostname="PC-20161026ZCQN" name="运费贷发标测试用例" tests="1" failures="1" timestamp="9 Feb 2017 09:46:53 GMT" time="3.884" errors="0">
  <testcase name="ts" time="0.109" classname="org.webdriver.mindaiwebui.cases.Jjfabiaotest">
    <failure type="org.testng.TestNGException" message="
The data provider is trying to pass 17 parameters but the method org.webdriver.mindaiwebui.cases.Jjfabiaotest#ts takes 18 and TestNG is unable in inject a suitable object">
      <![CDATA[org.testng.TestNGException: 
The data provider is trying to pass 17 parameters but the method org.webdriver.mindaiwebui.cases.Jjfabiaotest#ts takes 18 and TestNG is unable in inject a suitable object
Caused by: java.lang.ArrayIndexOutOfBoundsException: 17
	... 17 more
... Removed 19 stack frames]]>
    </failure>
  </testcase> <!-- ts -->
</testsuite> <!-- 运费贷发标测试用例 -->
