<?xml version="1.0" encoding="UTF-8"?>
<testng-results skipped="0" failed="0" total="1" passed="1">
  <reporter-output>
  </reporter-output>
  <suite name="Suite" duration-ms="10817" started-at="2019-06-06T09:16:31Z" finished-at="2019-06-06T09:16:42Z">
    <groups>
    </groups>
    <test name="后台用户登陆用例" duration-ms="10817" started-at="2019-06-06T09:16:31Z" finished-at="2019-06-06T09:16:42Z">
      <class name="org.webdriver.mindaiwebui.cases.Openaccount">
        <test-method status="PASS" signature="setup(java.lang.String, java.lang.String, java.lang.String)[pri:0, instance:org.webdriver.mindaiwebui.cases.Openaccount@3b088d51]" name="setup" is-config="true" duration-ms="4103" started-at="2019-06-06T17:16:31Z" finished-at="2019-06-06T17:16:35Z">
          <params>
            <param index="0">
              <value>
                <![CDATA[ChormeDriver]]>
              </value>
            </param>
            <param index="1">
              <value>
                <![CDATA[]]>
              </value>
            </param>
            <param index="2">
              <value>
                <![CDATA[]]>
              </value>
            </param>
          </params>
          <reporter-output>
          </reporter-output>
        </test-method> <!-- setup -->
        <test-method status="PASS" signature="Login(java.lang.String, java.lang.String, java.lang.String, java.lang.String, java.lang.String, java.lang.String, java.lang.String, java.lang.String, java.lang.String, java.lang.String, java.lang.String)[pri:0, instance:org.webdriver.mindaiwebui.cases.Openaccount@3b088d51]" name="Login" duration-ms="2825" started-at="2019-06-06T17:16:35Z" description="测试用例" data-provider="longinData" finished-at="2019-06-06T17:16:38Z">
          <params>
            <param index="0">
              <value>
                <![CDATA[13630024080]]>
              </value>
            </param>
            <param index="1">
              <value>
                <![CDATA[123456]]>
              </value>
            </param>
            <param index="2">
              <value>
                <![CDATA[]]>
              </value>
            </param>
            <param index="3">
              <value>
                <![CDATA[皮卡丘]]>
              </value>
            </param>
            <param index="4">
              <value>
                <![CDATA[320101198006010043]]>
              </value>
            </param>
            <param index="5">
              <value>
                <![CDATA[6228435540398678769]]>
              </value>
            </param>
            <param index="6">
              <value>
                <![CDATA[13630024080]]>
              </value>
            </param>
            <param index="7">
              <value>
                <![CDATA[123456]]>
              </value>
            </param>
            <param index="8">
              <value>
                <![CDATA[123456]]>
              </value>
            </param>
            <param index="9">
              <value>
                <![CDATA[123456]]>
              </value>
            </param>
            <param index="10">
              <value>
                <![CDATA[500]]>
              </value>
            </param>
          </params>
          <reporter-output>
          </reporter-output>
        </test-method> <!-- Login -->
        <test-method status="PASS" signature="tearDown()[pri:0, instance:org.webdriver.mindaiwebui.cases.Openaccount@3b088d51]" name="tearDown" is-config="true" duration-ms="3757" started-at="2019-06-06T17:16:38Z" finished-at="2019-06-06T17:16:42Z">
          <reporter-output>
          </reporter-output>
        </test-method> <!-- tearDown -->
      </class> <!-- org.webdriver.mindaiwebui.cases.Openaccount -->
    </test> <!-- 后台用户登陆用例 -->
  </suite> <!-- Suite -->
</testng-results>
