<?xml version="1.0" encoding="UTF-8"?>
<testng-results skipped="0" failed="0" total="1" passed="1">
  <reporter-output>
  </reporter-output>
  <suite name="Suite" duration-ms="23027" started-at="2017-03-02T08:06:16Z" finished-at="2017-03-02T08:06:39Z">
    <groups>
    </groups>
    <test name="后台用户登陆用例" duration-ms="23027" started-at="2017-03-02T08:06:16Z" finished-at="2017-03-02T08:06:39Z">
      <class name="org.webdriver.mindaiwebui.cases.LoginTest1">
        <test-method status="PASS" signature="setup(java.lang.String, java.lang.String)[pri:0, instance:org.webdriver.mindaiwebui.cases.LoginTest1@79be0360]" name="setup" is-config="true" duration-ms="3586" started-at="2017-03-02T16:06:16Z" finished-at="2017-03-02T16:06:19Z">
          <params>
            <param index="0">
              <value>
                <![CDATA[FirefoxDriver]]>
              </value>
            </param>
            <param index="1">
              <value>
                <![CDATA[]]>
              </value>
            </param>
          </params>
          <reporter-output>
          </reporter-output>
        </test-method> <!-- setup -->
        <test-method status="PASS" signature="Login(java.lang.String, java.lang.String, java.lang.String, java.lang.String, java.lang.String, java.lang.String, java.lang.String, java.lang.String, java.lang.String, java.lang.String, java.lang.String, java.lang.String)[pri:0, instance:org.webdriver.mindaiwebui.cases.LoginTest1@79be0360]" name="Login" duration-ms="18859" started-at="2017-03-02T16:06:20Z" description="测试用例" data-provider="longinData" finished-at="2017-03-02T16:06:38Z">
          <params>
            <param index="0">
              <value>
                <![CDATA[13600005035]]>
              </value>
            </param>
            <param index="1">
              <value>
                <![CDATA[123456]]>
              </value>
            </param>
            <param index="2">
              <value>
                <![CDATA[1234]]>
              </value>
            </param>
            <param index="3">
              <value>
                <![CDATA[大学生]]>
              </value>
            </param>
            <param index="4">
              <value>
                <![CDATA[310101198401010156]]>
              </value>
            </param>
            <param index="5">
              <value>
                <![CDATA[6214850201913710]]>
              </value>
            </param>
            <param index="6">
              <value>
                <![CDATA[广东]]>
              </value>
            </param>
            <param index="7">
              <value>
                <![CDATA[广州]]>
              </value>
            </param>
            <param index="8">
              <value>
                <![CDATA[13928755754]]>
              </value>
            </param>
            <param index="9">
              <value>
                <![CDATA[123456]]>
              </value>
            </param>
            <param index="10">
              <value>
                <![CDATA[500000]]>
              </value>
            </param>
            <param index="11">
              <value>
                <![CDATA[充值成功]]>
              </value>
            </param>
          </params>
          <reporter-output>
          </reporter-output>
        </test-method> <!-- Login -->
        <test-method status="PASS" signature="tearDown()[pri:0, instance:org.webdriver.mindaiwebui.cases.LoginTest1@79be0360]" name="tearDown" is-config="true" duration-ms="448" started-at="2017-03-02T16:06:38Z" finished-at="2017-03-02T16:06:39Z">
          <reporter-output>
          </reporter-output>
        </test-method> <!-- tearDown -->
      </class> <!-- org.webdriver.mindaiwebui.cases.LoginTest1 -->
    </test> <!-- 后台用户登陆用例 -->
  </suite> <!-- Suite -->
</testng-results>
