<?xml version="1.0" encoding="UTF-8"?>
<testng-results skipped="0" failed="0" total="8" passed="8">
  <reporter-output>
  </reporter-output>
  <suite name="Suite" duration-ms="95314" started-at="2017-03-02T10:08:00Z" finished-at="2017-03-02T10:09:35Z">
    <groups>
    </groups>
    <test name="后台用户登陆用例" duration-ms="95314" started-at="2017-03-02T10:08:00Z" finished-at="2017-03-02T10:09:35Z">
      <class name="org.webdriver.mindaiwebui.cases.InvestmentTest">
        <test-method status="PASS" signature="setup(java.lang.String, java.lang.String)[pri:0, instance:org.webdriver.mindaiwebui.cases.InvestmentTest@79be0360]" name="setup" is-config="true" duration-ms="3322" started-at="2017-03-02T18:08:00Z" finished-at="2017-03-02T18:08:03Z">
          <params>
            <param index="0">
              <value>
                <![CDATA[FirefoxDriver]]>
              </value>
            </param>
            <param index="1">
              <value>
                <![CDATA[]]>
              </value>
            </param>
          </params>
          <reporter-output>
          </reporter-output>
        </test-method> <!-- setup -->
        <test-method status="PASS" signature="Login(java.lang.String, java.lang.String, java.lang.String, java.lang.String, java.lang.String, java.lang.String)[pri:0, instance:org.webdriver.mindaiwebui.cases.InvestmentTest@79be0360]" name="Login" duration-ms="12345" started-at="2017-03-02T18:08:03Z" description="测试用例" data-provider="longinData" finished-at="2017-03-02T18:08:15Z">
          <params>
            <param index="0">
              <value>
                <![CDATA[13600005027]]>
              </value>
            </param>
            <param index="1">
              <value>
                <![CDATA[123456]]>
              </value>
            </param>
            <param index="2">
              <value>
                <![CDATA[1234]]>
              </value>
            </param>
            <param index="3">
              <value>
                <![CDATA[1000]]>
              </value>
            </param>
            <param index="4">
              <value>
                <![CDATA[123456]]>
              </value>
            </param>
            <param index="5">
              <value>
                <![CDATA[成功]]>
              </value>
            </param>
          </params>
          <reporter-output>
          </reporter-output>
        </test-method> <!-- Login -->
        <test-method status="PASS" signature="Login(java.lang.String, java.lang.String, java.lang.String, java.lang.String, java.lang.String, java.lang.String)[pri:0, instance:org.webdriver.mindaiwebui.cases.InvestmentTest@79be0360]" name="Login" duration-ms="11585" started-at="2017-03-02T18:08:15Z" description="测试用例" data-provider="longinData" finished-at="2017-03-02T18:08:27Z">
          <params>
            <param index="0">
              <value>
                <![CDATA[13600005028]]>
              </value>
            </param>
            <param index="1">
              <value>
                <![CDATA[123456]]>
              </value>
            </param>
            <param index="2">
              <value>
                <![CDATA[1234]]>
              </value>
            </param>
            <param index="3">
              <value>
                <![CDATA[1000]]>
              </value>
            </param>
            <param index="4">
              <value>
                <![CDATA[123457]]>
              </value>
            </param>
            <param index="5">
              <value>
                <![CDATA[成功]]>
              </value>
            </param>
          </params>
          <reporter-output>
          </reporter-output>
        </test-method> <!-- Login -->
        <test-method status="PASS" signature="Login(java.lang.String, java.lang.String, java.lang.String, java.lang.String, java.lang.String, java.lang.String)[pri:0, instance:org.webdriver.mindaiwebui.cases.InvestmentTest@79be0360]" name="Login" duration-ms="11423" started-at="2017-03-02T18:08:27Z" description="测试用例" data-provider="longinData" finished-at="2017-03-02T18:08:38Z">
          <params>
            <param index="0">
              <value>
                <![CDATA[13600005030]]>
              </value>
            </param>
            <param index="1">
              <value>
                <![CDATA[123456]]>
              </value>
            </param>
            <param index="2">
              <value>
                <![CDATA[1234]]>
              </value>
            </param>
            <param index="3">
              <value>
                <![CDATA[1000]]>
              </value>
            </param>
            <param index="4">
              <value>
                <![CDATA[123458]]>
              </value>
            </param>
            <param index="5">
              <value>
                <![CDATA[成功]]>
              </value>
            </param>
          </params>
          <reporter-output>
          </reporter-output>
        </test-method> <!-- Login -->
        <test-method status="PASS" signature="Login(java.lang.String, java.lang.String, java.lang.String, java.lang.String, java.lang.String, java.lang.String)[pri:0, instance:org.webdriver.mindaiwebui.cases.InvestmentTest@79be0360]" name="Login" duration-ms="11195" started-at="2017-03-02T18:08:38Z" description="测试用例" data-provider="longinData" finished-at="2017-03-02T18:08:50Z">
          <params>
            <param index="0">
              <value>
                <![CDATA[13600005034]]>
              </value>
            </param>
            <param index="1">
              <value>
                <![CDATA[123456]]>
              </value>
            </param>
            <param index="2">
              <value>
                <![CDATA[1234]]>
              </value>
            </param>
            <param index="3">
              <value>
                <![CDATA[1000]]>
              </value>
            </param>
            <param index="4">
              <value>
                <![CDATA[123459]]>
              </value>
            </param>
            <param index="5">
              <value>
                <![CDATA[成功]]>
              </value>
            </param>
          </params>
          <reporter-output>
          </reporter-output>
        </test-method> <!-- Login -->
        <test-method status="PASS" signature="Login(java.lang.String, java.lang.String, java.lang.String, java.lang.String, java.lang.String, java.lang.String)[pri:0, instance:org.webdriver.mindaiwebui.cases.InvestmentTest@79be0360]" name="Login" duration-ms="11194" started-at="2017-03-02T18:08:50Z" description="测试用例" data-provider="longinData" finished-at="2017-03-02T18:09:01Z">
          <params>
            <param index="0">
              <value>
                <![CDATA[13600005031]]>
              </value>
            </param>
            <param index="1">
              <value>
                <![CDATA[123456]]>
              </value>
            </param>
            <param index="2">
              <value>
                <![CDATA[1234]]>
              </value>
            </param>
            <param index="3">
              <value>
                <![CDATA[1000]]>
              </value>
            </param>
            <param index="4">
              <value>
                <![CDATA[123460]]>
              </value>
            </param>
            <param index="5">
              <value>
                <![CDATA[成功]]>
              </value>
            </param>
          </params>
          <reporter-output>
          </reporter-output>
        </test-method> <!-- Login -->
        <test-method status="PASS" signature="Login(java.lang.String, java.lang.String, java.lang.String, java.lang.String, java.lang.String, java.lang.String)[pri:0, instance:org.webdriver.mindaiwebui.cases.InvestmentTest@79be0360]" name="Login" duration-ms="11080" started-at="2017-03-02T18:09:01Z" description="测试用例" data-provider="longinData" finished-at="2017-03-02T18:09:12Z">
          <params>
            <param index="0">
              <value>
                <![CDATA[13600005033]]>
              </value>
            </param>
            <param index="1">
              <value>
                <![CDATA[123456]]>
              </value>
            </param>
            <param index="2">
              <value>
                <![CDATA[1234]]>
              </value>
            </param>
            <param index="3">
              <value>
                <![CDATA[1000]]>
              </value>
            </param>
            <param index="4">
              <value>
                <![CDATA[123461]]>
              </value>
            </param>
            <param index="5">
              <value>
                <![CDATA[成功]]>
              </value>
            </param>
          </params>
          <reporter-output>
          </reporter-output>
        </test-method> <!-- Login -->
        <test-method status="PASS" signature="Login(java.lang.String, java.lang.String, java.lang.String, java.lang.String, java.lang.String, java.lang.String)[pri:0, instance:org.webdriver.mindaiwebui.cases.InvestmentTest@79be0360]" name="Login" duration-ms="11212" started-at="2017-03-02T18:09:12Z" description="测试用例" data-provider="longinData" finished-at="2017-03-02T18:09:23Z">
          <params>
            <param index="0">
              <value>
                <![CDATA[13600005041]]>
              </value>
            </param>
            <param index="1">
              <value>
                <![CDATA[123456]]>
              </value>
            </param>
            <param index="2">
              <value>
                <![CDATA[1234]]>
              </value>
            </param>
            <param index="3">
              <value>
                <![CDATA[1000]]>
              </value>
            </param>
            <param index="4">
              <value>
                <![CDATA[123462]]>
              </value>
            </param>
            <param index="5">
              <value>
                <![CDATA[成功]]>
              </value>
            </param>
          </params>
          <reporter-output>
          </reporter-output>
        </test-method> <!-- Login -->
        <test-method status="PASS" signature="Login(java.lang.String, java.lang.String, java.lang.String, java.lang.String, java.lang.String, java.lang.String)[pri:0, instance:org.webdriver.mindaiwebui.cases.InvestmentTest@79be0360]" name="Login" duration-ms="11244" started-at="2017-03-02T18:09:23Z" description="测试用例" data-provider="longinData" finished-at="2017-03-02T18:09:34Z">
          <params>
            <param index="0">
              <value>
                <![CDATA[13600005036]]>
              </value>
            </param>
            <param index="1">
              <value>
                <![CDATA[123456]]>
              </value>
            </param>
            <param index="2">
              <value>
                <![CDATA[1234]]>
              </value>
            </param>
            <param index="3">
              <value>
                <![CDATA[1000]]>
              </value>
            </param>
            <param index="4">
              <value>
                <![CDATA[123463]]>
              </value>
            </param>
            <param index="5">
              <value>
                <![CDATA[成功]]>
              </value>
            </param>
          </params>
          <reporter-output>
          </reporter-output>
        </test-method> <!-- Login -->
        <test-method status="PASS" signature="tearDown()[pri:0, instance:org.webdriver.mindaiwebui.cases.InvestmentTest@79be0360]" name="tearDown" is-config="true" duration-ms="498" started-at="2017-03-02T18:09:34Z" finished-at="2017-03-02T18:09:35Z">
          <reporter-output>
          </reporter-output>
        </test-method> <!-- tearDown -->
      </class> <!-- org.webdriver.mindaiwebui.cases.InvestmentTest -->
    </test> <!-- 后台用户登陆用例 -->
  </suite> <!-- Suite -->
</testng-results>
