<?xml version="1.0" encoding="UTF-8"?>
<testng-results skipped="0" failed="2" total="4" passed="2">
  <reporter-output>
  </reporter-output>
  <suite name="Suite" duration-ms="18759" started-at="2017-02-10T02:12:59Z" finished-at="2017-02-10T02:13:17Z">
    <groups>
    </groups>
    <test name="消费金融进件发标测试用例" duration-ms="18759" started-at="2017-02-10T02:12:59Z" finished-at="2017-02-10T02:13:17Z">
      <class name="org.webdriver.mindaiwebui.cases.Jjfabiaotest">
        <test-method status="PASS" signature="setup(java.lang.String, java.lang.String)[pri:0, instance:org.webdriver.mindaiwebui.cases.Jjfabiaotest@79be0360]" name="setup" is-config="true" duration-ms="3613" started-at="2017-02-10T10:12:59Z" finished-at="2017-02-10T10:13:02Z">
          <params>
            <param index="0">
              <value>
                <![CDATA[FirefoxDriver]]>
              </value>
            </param>
            <param index="1">
              <value>
                <![CDATA[]]>
              </value>
            </param>
          </params>
          <reporter-output>
          </reporter-output>
        </test-method> <!-- setup -->
        <test-method status="FAIL" signature="ts(java.lang.String, java.lang.String, java.lang.String, java.lang.String, java.lang.String, java.lang.String, java.lang.String, java.lang.String, java.lang.String, java.lang.String, java.lang.String, java.lang.String, java.lang.String, java.lang.String, java.lang.String, java.lang.String, java.lang.String, java.lang.String)[pri:0, instance:org.webdriver.mindaiwebui.cases.Jjfabiaotest@79be0360]" name="ts" duration-ms="4083" started-at="2017-02-10T10:13:02Z" description="发标失败用例" data-provider="JjfabiaoData" finished-at="2017-02-10T10:13:06Z">
          <params>
            <param index="0">
              <value>
                <![CDATA[李四]]>
              </value>
            </param>
            <param index="1">
              <value>
                <![CDATA[110101198001011398]]>
              </value>
            </param>
            <param index="2">
              <value>
                <![CDATA[6214850201920280]]>
              </value>
            </param>
            <param index="3">
              <value>
                <![CDATA[13456398547]]>
              </value>
            </param>
            <param index="4">
              <value>
                <![CDATA[yyfq20161212]]>
              </value>
            </param>
            <param index="5">
              <value>
                <![CDATA[100000]]>
              </value>
            </param>
            <param index="6">
              <value>
                <![CDATA[20161212]]>
              </value>
            </param>
            <param index="7">
              <value>
                <![CDATA[10000]]>
              </value>
            </param>
            <param index="8">
              <value>
                <![CDATA[0.75]]>
              </value>
            </param>
            <param index="9">
              <value>
                <![CDATA[0]]>
              </value>
            </param>
            <param index="10">
              <value>
                <![CDATA[0.05]]>
              </value>
            </param>
            <param index="11">
              <value>
                <![CDATA[1]]>
              </value>
            </param>
            <param index="12">
              <value>
                <![CDATA[1]]>
              </value>
            </param>
            <param index="13">
              <value>
                <![CDATA[1]]>
              </value>
            </param>
            <param index="14">
              <value>
                <![CDATA[75]]>
              </value>
            </param>
            <param index="15">
              <value>
                <![CDATA[2017-12-12]]>
              </value>
            </param>
            <param index="16">
              <value>
                <![CDATA[广州市农林下路]]>
              </value>
            </param>
            <param index="17">
              <value>
                <![CDATA[成功]]>
              </value>
            </param>
          </params>
          <exception class="java.lang.AssertionError">
            <message>
              <![CDATA[expected [0] but found [1]]]>
            </message>
            <full-stacktrace>
              <![CDATA[java.lang.AssertionError: expected [0] but found [1]
	at org.testng.Assert.fail(Assert.java:94)
	at org.testng.Assert.failNotEquals(Assert.java:496)
	at org.testng.Assert.assertEquals(Assert.java:125)
	at org.testng.Assert.assertEquals(Assert.java:372)
	at org.testng.Assert.assertEquals(Assert.java:382)
	at org.webdriver.mindaiwebui.utils.Assertion.VerityError(Assertion.java:1042)
	at org.webdriver.mindaiwebui.cases.Jjfabiaotest.ts(Jjfabiaotest.java:41)
	at sun.reflect.NativeMethodAccessorImpl.invoke0(Native Method)
	at sun.reflect.NativeMethodAccessorImpl.invoke(Unknown Source)
	at sun.reflect.DelegatingMethodAccessorImpl.invoke(Unknown Source)
	at java.lang.reflect.Method.invoke(Unknown Source)
	at org.testng.internal.MethodInvocationHelper.invokeMethod(MethodInvocationHelper.java:85)
	at org.testng.internal.Invoker.invokeMethod(Invoker.java:639)
	at org.testng.internal.Invoker.invokeTestMethod(Invoker.java:821)
	at org.testng.internal.Invoker.invokeTestMethods(Invoker.java:1131)
	at org.testng.internal.TestMethodWorker.invokeTestMethods(TestMethodWorker.java:125)
	at org.testng.internal.TestMethodWorker.run(TestMethodWorker.java:108)
	at org.testng.TestRunner.privateRun(TestRunner.java:773)
	at org.testng.TestRunner.run(TestRunner.java:623)
	at org.testng.SuiteRunner.runTest(SuiteRunner.java:357)
	at org.testng.SuiteRunner.runSequentially(SuiteRunner.java:352)
	at org.testng.SuiteRunner.privateRun(SuiteRunner.java:310)
	at org.testng.SuiteRunner.run(SuiteRunner.java:259)
	at org.testng.SuiteRunnerWorker.runSuite(SuiteRunnerWorker.java:52)
	at org.testng.SuiteRunnerWorker.run(SuiteRunnerWorker.java:86)
	at org.testng.TestNG.runSuitesSequentially(TestNG.java:1185)
	at org.testng.TestNG.runSuitesLocally(TestNG.java:1110)
	at org.testng.TestNG.run(TestNG.java:1018)
	at org.testng.remote.AbstractRemoteTestNG.run(AbstractRemoteTestNG.java:132)
	at org.testng.remote.RemoteTestNG.initAndRun(RemoteTestNG.java:236)
	at org.testng.remote.RemoteTestNG.main(RemoteTestNG.java:81)
]]>
            </full-stacktrace>
          </exception> <!-- java.lang.AssertionError -->
          <reporter-output>
          </reporter-output>
        </test-method> <!-- ts -->
        <test-method status="PASS" signature="ts(java.lang.String, java.lang.String, java.lang.String, java.lang.String, java.lang.String, java.lang.String, java.lang.String, java.lang.String, java.lang.String, java.lang.String, java.lang.String, java.lang.String, java.lang.String, java.lang.String, java.lang.String, java.lang.String, java.lang.String, java.lang.String)[pri:0, instance:org.webdriver.mindaiwebui.cases.Jjfabiaotest@79be0360]" name="ts" duration-ms="3477" started-at="2017-02-10T10:13:06Z" description="发标失败用例" data-provider="JjfabiaoData" finished-at="2017-02-10T10:13:10Z">
          <params>
            <param index="0">
              <value>
                <![CDATA[李四]]>
              </value>
            </param>
            <param index="1">
              <value>
                <![CDATA[110101198001011398]]>
              </value>
            </param>
            <param index="2">
              <value>
                <![CDATA[6214850201920280]]>
              </value>
            </param>
            <param index="3">
              <value>
                <![CDATA[13456398547]]>
              </value>
            </param>
            <param index="4">
              <value>
                <![CDATA[yyfq20161212]]>
              </value>
            </param>
            <param index="5">
              <value>
                <![CDATA[100000]]>
              </value>
            </param>
            <param index="6">
              <value>
                <![CDATA[20161212]]>
              </value>
            </param>
            <param index="7">
              <value>
                <![CDATA[10000]]>
              </value>
            </param>
            <param index="8">
              <value>
                <![CDATA[0.75]]>
              </value>
            </param>
            <param index="9">
              <value>
                <![CDATA[0]]>
              </value>
            </param>
            <param index="10">
              <value>
                <![CDATA[0.05]]>
              </value>
            </param>
            <param index="11">
              <value>
                <![CDATA[1]]>
              </value>
            </param>
            <param index="12">
              <value>
                <![CDATA[1]]>
              </value>
            </param>
            <param index="13">
              <value>
                <![CDATA[1]]>
              </value>
            </param>
            <param index="14">
              <value>
                <![CDATA[75]]>
              </value>
            </param>
            <param index="15">
              <value>
                <![CDATA[2017-12-12]]>
              </value>
            </param>
            <param index="16">
              <value>
                <![CDATA[广州市农林下路]]>
              </value>
            </param>
            <param index="17">
              <value>
                <![CDATA[该订单已存在！]]>
              </value>
            </param>
          </params>
          <reporter-output>
          </reporter-output>
        </test-method> <!-- ts -->
        <test-method status="PASS" signature="ts(java.lang.String, java.lang.String, java.lang.String, java.lang.String, java.lang.String, java.lang.String, java.lang.String, java.lang.String, java.lang.String, java.lang.String, java.lang.String, java.lang.String, java.lang.String, java.lang.String, java.lang.String, java.lang.String, java.lang.String, java.lang.String)[pri:0, instance:org.webdriver.mindaiwebui.cases.Jjfabiaotest@79be0360]" name="ts" duration-ms="3496" started-at="2017-02-10T10:13:10Z" description="发标失败用例" data-provider="JjfabiaoData" finished-at="2017-02-10T10:13:13Z">
          <params>
            <param index="0">
              <value>
                <![CDATA[]]>
              </value>
            </param>
            <param index="1">
              <value>
                <![CDATA[110101198001011398]]>
              </value>
            </param>
            <param index="2">
              <value>
                <![CDATA[6214850201920280]]>
              </value>
            </param>
            <param index="3">
              <value>
                <![CDATA[13456398547]]>
              </value>
            </param>
            <param index="4">
              <value>
                <![CDATA[yyfq20161214]]>
              </value>
            </param>
            <param index="5">
              <value>
                <![CDATA[100000]]>
              </value>
            </param>
            <param index="6">
              <value>
                <![CDATA[20161214]]>
              </value>
            </param>
            <param index="7">
              <value>
                <![CDATA[10000]]>
              </value>
            </param>
            <param index="8">
              <value>
                <![CDATA[0.75]]>
              </value>
            </param>
            <param index="9">
              <value>
                <![CDATA[0]]>
              </value>
            </param>
            <param index="10">
              <value>
                <![CDATA[0.05]]>
              </value>
            </param>
            <param index="11">
              <value>
                <![CDATA[1]]>
              </value>
            </param>
            <param index="12">
              <value>
                <![CDATA[1]]>
              </value>
            </param>
            <param index="13">
              <value>
                <![CDATA[1]]>
              </value>
            </param>
            <param index="14">
              <value>
                <![CDATA[75]]>
              </value>
            </param>
            <param index="15">
              <value>
                <![CDATA[2017-12-12]]>
              </value>
            </param>
            <param index="16">
              <value>
                <![CDATA[广州市农林下路]]>
              </value>
            </param>
            <param index="17">
              <value>
                <![CDATA[真实姓名不能为空]]>
              </value>
            </param>
          </params>
          <reporter-output>
          </reporter-output>
        </test-method> <!-- ts -->
        <test-method status="FAIL" signature="ts(java.lang.String, java.lang.String, java.lang.String, java.lang.String, java.lang.String, java.lang.String, java.lang.String, java.lang.String, java.lang.String, java.lang.String, java.lang.String, java.lang.String, java.lang.String, java.lang.String, java.lang.String, java.lang.String, java.lang.String, java.lang.String)[pri:0, instance:org.webdriver.mindaiwebui.cases.Jjfabiaotest@79be0360]" name="ts" duration-ms="3492" started-at="2017-02-10T10:13:13Z" description="发标失败用例" data-provider="JjfabiaoData" finished-at="2017-02-10T10:13:17Z">
          <params>
            <param index="0">
              <value>
                <![CDATA[李四]]>
              </value>
            </param>
            <param index="1">
              <value>
                <![CDATA[]]>
              </value>
            </param>
            <param index="2">
              <value>
                <![CDATA[6214850201920280]]>
              </value>
            </param>
            <param index="3">
              <value>
                <![CDATA[13456398547]]>
              </value>
            </param>
            <param index="4">
              <value>
                <![CDATA[yyfq20161215]]>
              </value>
            </param>
            <param index="5">
              <value>
                <![CDATA[100000]]>
              </value>
            </param>
            <param index="6">
              <value>
                <![CDATA[20161215]]>
              </value>
            </param>
            <param index="7">
              <value>
                <![CDATA[10000]]>
              </value>
            </param>
            <param index="8">
              <value>
                <![CDATA[0.75]]>
              </value>
            </param>
            <param index="9">
              <value>
                <![CDATA[0]]>
              </value>
            </param>
            <param index="10">
              <value>
                <![CDATA[0.05]]>
              </value>
            </param>
            <param index="11">
              <value>
                <![CDATA[1]]>
              </value>
            </param>
            <param index="12">
              <value>
                <![CDATA[1]]>
              </value>
            </param>
            <param index="13">
              <value>
                <![CDATA[1]]>
              </value>
            </param>
            <param index="14">
              <value>
                <![CDATA[75]]>
              </value>
            </param>
            <param index="15">
              <value>
                <![CDATA[2017-12-12]]>
              </value>
            </param>
            <param index="16">
              <value>
                <![CDATA[广州市农林下路]]>
              </value>
            </param>
            <param index="17">
              <value>
                <![CDATA[银行卡号不能为空]]>
              </value>
            </param>
          </params>
          <exception class="java.lang.AssertionError">
            <message>
              <![CDATA[expected [0] but found [1]]]>
            </message>
            <full-stacktrace>
              <![CDATA[java.lang.AssertionError: expected [0] but found [1]
	at org.testng.Assert.fail(Assert.java:94)
	at org.testng.Assert.failNotEquals(Assert.java:496)
	at org.testng.Assert.assertEquals(Assert.java:125)
	at org.testng.Assert.assertEquals(Assert.java:372)
	at org.testng.Assert.assertEquals(Assert.java:382)
	at org.webdriver.mindaiwebui.utils.Assertion.VerityError(Assertion.java:1042)
	at org.webdriver.mindaiwebui.cases.Jjfabiaotest.ts(Jjfabiaotest.java:41)
	at sun.reflect.NativeMethodAccessorImpl.invoke0(Native Method)
	at sun.reflect.NativeMethodAccessorImpl.invoke(Unknown Source)
	at sun.reflect.DelegatingMethodAccessorImpl.invoke(Unknown Source)
	at java.lang.reflect.Method.invoke(Unknown Source)
	at org.testng.internal.MethodInvocationHelper.invokeMethod(MethodInvocationHelper.java:85)
	at org.testng.internal.Invoker.invokeMethod(Invoker.java:639)
	at org.testng.internal.Invoker.invokeTestMethod(Invoker.java:821)
	at org.testng.internal.Invoker.invokeTestMethods(Invoker.java:1131)
	at org.testng.internal.TestMethodWorker.invokeTestMethods(TestMethodWorker.java:125)
	at org.testng.internal.TestMethodWorker.run(TestMethodWorker.java:108)
	at org.testng.TestRunner.privateRun(TestRunner.java:773)
	at org.testng.TestRunner.run(TestRunner.java:623)
	at org.testng.SuiteRunner.runTest(SuiteRunner.java:357)
	at org.testng.SuiteRunner.runSequentially(SuiteRunner.java:352)
	at org.testng.SuiteRunner.privateRun(SuiteRunner.java:310)
	at org.testng.SuiteRunner.run(SuiteRunner.java:259)
	at org.testng.SuiteRunnerWorker.runSuite(SuiteRunnerWorker.java:52)
	at org.testng.SuiteRunnerWorker.run(SuiteRunnerWorker.java:86)
	at org.testng.TestNG.runSuitesSequentially(TestNG.java:1185)
	at org.testng.TestNG.runSuitesLocally(TestNG.java:1110)
	at org.testng.TestNG.run(TestNG.java:1018)
	at org.testng.remote.AbstractRemoteTestNG.run(AbstractRemoteTestNG.java:132)
	at org.testng.remote.RemoteTestNG.initAndRun(RemoteTestNG.java:236)
	at org.testng.remote.RemoteTestNG.main(RemoteTestNG.java:81)
]]>
            </full-stacktrace>
          </exception> <!-- java.lang.AssertionError -->
          <reporter-output>
          </reporter-output>
        </test-method> <!-- ts -->
        <test-method status="PASS" signature="tearDown()[pri:0, instance:org.webdriver.mindaiwebui.cases.Jjfabiaotest@79be0360]" name="tearDown" is-config="true" duration-ms="447" started-at="2017-02-10T10:13:17Z" finished-at="2017-02-10T10:13:17Z">
          <reporter-output>
          </reporter-output>
        </test-method> <!-- tearDown -->
      </class> <!-- org.webdriver.mindaiwebui.cases.Jjfabiaotest -->
    </test> <!-- 消费金融进件发标测试用例 -->
  </suite> <!-- Suite -->
</testng-results>
